Log file open, 04/15/19 21:32:29
LogWindows: Failed to load 'aqProf.dll' (GetLastError=126)
LogWindows: File 'aqProf.dll' does not exist
LogWindows: Failed to load 'VtuneApi.dll' (GetLastError=126)
LogWindows: File 'VtuneApi.dll' does not exist
LogWindows: Failed to load 'VtuneApi32e.dll' (GetLastError=126)
LogWindows: File 'VtuneApi32e.dll' does not exist
LogConsoleResponse: Display: Failed to find resolution value strings in scalability ini. Falling back to default.
LogInit: Display: Running engine for game: JLsBloodLust
LogPakFile: Registered encryption key '00000000000000000000000000000000': 0 pak files mounted, 0 remain pending
LogPlatformFile: Not using cached read wrapper
LogTaskGraph: Started task graph with 5 named threads and 23 total threads with 3 sets of task threads.
LogStats: Stats thread started at 0.247672
LogD3D11RHI: Loaded GFSDK_Aftermath_Lib.x64.dll
LogWindows: Failed to load '../../../Engine/Binaries/ThirdParty/libsndfile/Win64/libsndfile-1.dll' (GetLastError=126)
LogWindows: File '../../../Engine/Binaries/ThirdParty/libsndfile/Win64/libsndfile-1.dll' does not exist
LogAudioMixer: Display: Failed to load Sound File dll
LogAudioEditor: Display: LibSoundFile failed to load. Importing audio will not work correctly.
LogICUInternationalization: ICU TimeZone Detection - Raw Offset: -5:00, Platform Override: ''
LogPluginManager: Mounting plugin Paper2D
LogPluginManager: Mounting plugin AISupport
LogPluginManager: Mounting plugin LightPropagationVolume
LogPluginManager: Mounting plugin ActorLayerUtilities
LogPluginManager: Mounting plugin AnimationSharing
LogPluginManager: Mounting plugin CLionSourceCodeAccess
LogPluginManager: Mounting plugin CodeLiteSourceCodeAccess
LogPluginManager: Mounting plugin GitSourceControl
LogPluginManager: Mounting plugin KDevelopSourceCodeAccess
LogPluginManager: Mounting plugin NullSourceCodeAccess
LogPluginManager: Mounting plugin PerforceSourceControl
LogPluginManager: Mounting plugin SubversionSourceControl
LogPluginManager: Mounting plugin UObjectPlugin
LogPluginManager: Mounting plugin VisualStudioCodeSourceCodeAccess
LogPluginManager: Mounting plugin VisualStudioSourceCodeAccess
LogPluginManager: Mounting plugin XCodeSourceCodeAccess
LogPluginManager: Mounting plugin AssetManagerEditor
LogPluginManager: Mounting plugin CryptoKeys
LogPluginManager: Mounting plugin DataValidation
LogPluginManager: Mounting plugin FacialAnimation
LogPluginManager: Mounting plugin GameplayTagsEditor
LogPluginManager: Mounting plugin MacGraphicsSwitching
LogPluginManager: Mounting plugin MaterialAnalyzer
LogPluginManager: Mounting plugin MobileLauncherProfileWizard
LogPluginManager: Mounting plugin PluginBrowser
LogPluginManager: Mounting plugin SpeedTreeImporter
LogPluginManager: Mounting plugin DatasmithContent
LogPluginManager: Mounting plugin VariantManagerContent
LogPluginManager: Mounting plugin AlembicImporter
LogPluginManager: Mounting plugin AppleImageUtils
LogPluginManager: Mounting plugin AppleVision
LogPluginManager: Mounting plugin BackChannel
LogPluginManager: Mounting plugin CharacterAI
LogPluginManager: Mounting plugin GeometryCache
LogPluginManager: Mounting plugin HTML5Networking
LogPluginManager: Mounting plugin ProxyLODPlugin
LogPluginManager: Mounting plugin SkeletalReduction
LogPluginManager: Mounting plugin MagicLeap
LogPluginManager: Mounting plugin MagicLeapMedia
LogPluginManager: Mounting plugin AndroidMedia
LogPluginManager: Mounting plugin AvfMedia
LogPluginManager: Mounting plugin ImgMedia
LogPluginManager: Mounting plugin LinearTimecode
LogPluginManager: Mounting plugin MediaCompositing
LogPluginManager: Mounting plugin MediaPlayerEditor
LogPluginManager: Mounting plugin WebMMedia
LogPluginManager: Mounting plugin WmfMedia
LogPluginManager: Mounting plugin TcpMessaging
LogPluginManager: Mounting plugin UdpMessaging
LogPluginManager: Mounting plugin ActorSequence
LogPluginManager: Mounting plugin LevelSequenceEditor
LogPluginManager: Mounting plugin MatineeToLevelSequence
LogPluginManager: Mounting plugin NetcodeUnitTest
LogPluginManager: Mounting plugin NUTUnrealEngine4
LogPluginManager: Mounting plugin OnlineSubsystemGooglePlay
LogPluginManager: Mounting plugin OnlineSubsystemIOS
LogPluginManager: Mounting plugin OnlineSubsystem
LogPluginManager: Mounting plugin OnlineSubsystemNull
LogPluginManager: Mounting plugin OnlineSubsystemUtils
LogPluginManager: Mounting plugin LauncherChunkInstaller
LogPluginManager: Mounting plugin AndroidDeviceProfileSelector
LogPluginManager: Mounting plugin AndroidMoviePlayer
LogPluginManager: Mounting plugin AndroidPermission
LogPluginManager: Mounting plugin AppleMoviePlayer
LogPluginManager: Mounting plugin ArchVisCharacter
LogPluginManager: Mounting plugin AudioCapture
LogPluginManager: Mounting plugin CableComponent
LogPluginManager: Mounting plugin CustomMeshComponent
LogPluginManager: Mounting plugin EditableMesh
LogPluginManager: Mounting plugin ExampleDeviceProfileSelector
LogPluginManager: Mounting plugin Firebase
LogPluginManager: Mounting plugin GoogleCloudMessaging
LogPluginManager: Mounting plugin IOSDeviceProfileSelector
LogPluginManager: Mounting plugin LinuxDeviceProfileSelector
LogPluginManager: Mounting plugin LocationServicesBPLibrary
LogPluginManager: Mounting plugin MobilePatchingUtils
LogPluginManager: Mounting plugin OculusVR
LogPluginManager: Mounting plugin PhysXVehicles
LogPluginManager: Mounting plugin ProceduralMeshComponent
LogPluginManager: Mounting plugin RuntimePhysXCooking
LogPluginManager: Mounting plugin SignificanceManager
LogPluginManager: Mounting plugin SteamVR
LogPluginManager: Mounting plugin WebMMoviePlayer
LogPluginManager: Mounting plugin WindowsMoviePlayer
LogInit: Using libcurl 7.55.1-DEV
LogInit:  - built for x86_64-pc-win32
LogInit:  - supports SSL with OpenSSL/1.1.1
LogInit:  - supports HTTP deflate (compression) using libz 1.2.8
LogInit:  - other features:
LogInit:      CURL_VERSION_SSL
LogInit:      CURL_VERSION_LIBZ
LogInit:      CURL_VERSION_IPV6
LogInit:      CURL_VERSION_ASYNCHDNS
LogInit:      CURL_VERSION_LARGEFILE
LogInit:      CURL_VERSION_IDN
LogInit:  CurlRequestOptions (configurable via config and command line):
LogInit:  - bVerifyPeer = true  - Libcurl will verify peer certificate
LogInit:  - bUseHttpProxy = false  - Libcurl will NOT use HTTP proxy
LogInit:  - bDontReuseConnections = false  - Libcurl will reuse connections
LogInit:  - MaxHostConnections = 16  - Libcurl will limit the number of connections to a host
LogInit:  - LocalHostAddr = Default
LogInit:  - BufferSize = 65536
LogInit: WinSock: version 1.1 (2.2), MaxSocks=32767, MaxUdp=65467
LogInit: Build: ++UE4+Release-4.22-CL-5660361
LogInit: Engine Version: 4.22.0-5660361+++UE4+Release-4.22
LogInit: Compatible Engine Version: 4.22.0-5660361+++UE4+Release-4.22
LogInit: Net CL: 5660361
LogInit: OS: Windows 8.1 (), CPU: Intel(R) Core(TM) i7-4790K CPU @ 4.00GHz, GPU: NVIDIA GeForce GTX 980
LogInit: Compiled (64-bit): Mar 31 2019 02:05:09
LogInit: Compiled with Visual C++: 19.16.27025.01
LogInit: Build Configuration: Development
LogInit: Branch Name: ++UE4+Release-4.22
LogInit: Command Line: 
LogInit: Base Directory: G:/Epic Games/UE_4.22/Engine/Binaries/Win64/
LogInit: Installed Engine Build: 1
LogDevObjectVersion: Number of dev versions registered: 23
LogDevObjectVersion:   Dev-Blueprints (B0D832E4-1F89-4F0D-ACCF-7EB736FD4AA2): 10
LogDevObjectVersion:   Dev-Build (E1C64328-A22C-4D53-A36C-8E866417BD8C): 0
LogDevObjectVersion:   Dev-Core (375EC13C-06E4-48FB-B500-84F0262A717E): 3
LogDevObjectVersion:   Dev-Editor (E4B068ED-F494-42E9-A231-DA0B2E46BB41): 30
LogDevObjectVersion:   Dev-Framework (CFFC743F-43B0-4480-9391-14DF171D2073): 35
LogDevObjectVersion:   Dev-Mobile (B02B49B5-BB20-44E9-A304-32B752E40360): 2
LogDevObjectVersion:   Dev-Networking (A4E4105C-59A1-49B5-A7C5-40C4547EDFEE): 0
LogDevObjectVersion:   Dev-Online (39C831C9-5AE6-47DC-9A44-9C173E1C8E7C): 0
LogDevObjectVersion:   Dev-Physics (78F01B33-EBEA-4F98-B9B4-84EACCB95AA2): 0
LogDevObjectVersion:   Dev-Platform (6631380F-2D4D-43E0-8009-CF276956A95A): 0
LogDevObjectVersion:   Dev-Rendering (12F88B9F-8875-4AFC-A67C-D90C383ABD29): 28
LogDevObjectVersion:   Dev-Sequencer (7B5AE74C-D270-4C10-A958-57980B212A5A): 11
LogDevObjectVersion:   Dev-VR (D7296918-1DD6-4BDD-9DE2-64A83CC13884): 2
LogDevObjectVersion:   Dev-LoadTimes (C2A15278-BFE7-4AFE-6C17-90FF531DF755): 1
LogDevObjectVersion:   Private-Geometry (6EACA3D4-40EC-4CC1-B786-8BED09428FC5): 3
LogDevObjectVersion:   Dev-AnimPhys (29E575DD-E0A3-4627-9D10-D276232CDCEA): 17
LogDevObjectVersion:   Dev-Anim (AF43A65D-7FD3-4947-9873-3E8ED9C1BB05): 2
LogDevObjectVersion:   Dev-ReflectionCapture (6B266CEC-1EC7-4B8F-A30B-E4D90942FC07): 1
LogDevObjectVersion:   Dev-Automation (0DF73D61-A23F-47EA-B727-89E90C41499A): 1
LogDevObjectVersion:   FortniteMain (601D1886-AC64-4F84-AA16-D3DE0DEAC7D6): 25
LogDevObjectVersion:   Dev-Enterprise (9DFFBCD6-494F-0158-E221-12823C92A888): 6
LogDevObjectVersion:   Dev-Niagara (F2AED0AC-9AFE-416F-8664-AA7FFA26D6FC): 1
LogDevObjectVersion:   Dev-Destruction (174F1F0B-B4C6-45A5-B13F-2EE8D0FB917D): 2
LogInit: Presizing for max 16777216 objects, including 0 objects not considered by GC, pre-allocating 0 bytes for permanent pool.
LogInit: Object subsystem initialized
LogConfig: Setting CVar [[con.DebugEarlyDefault:1]]
LogConfig: Setting CVar [[r.setres:1280x720]]
[2019.04.16-01.32.30:171][  0]LogConfig: Setting CVar [[r.VSync:0]]
[2019.04.16-01.32.30:171][  0]LogConfig: Setting CVar [[r.RHICmdBypass:0]]
[2019.04.16-01.32.30:171][  0]LogConfig: Applying CVar settings from Section [/Script/Engine.RendererSettings] File [G:/Epic Games/Unreal Projects/joe-liebermans-blood-urge/Saved/Config/Windows/Engine.ini]
[2019.04.16-01.32.30:171][  0]LogConfig: Setting CVar [[r.GPUCrashDebugging:0]]
[2019.04.16-01.32.30:171][  0]LogConfig: Applying CVar settings from Section [/Script/Engine.RendererOverrideSettings] File [G:/Epic Games/Unreal Projects/joe-liebermans-blood-urge/Saved/Config/Windows/Engine.ini]
[2019.04.16-01.32.30:171][  0]LogConfig: Applying CVar settings from Section [/Script/Engine.StreamingSettings] File [G:/Epic Games/Unreal Projects/joe-liebermans-blood-urge/Saved/Config/Windows/Engine.ini]
[2019.04.16-01.32.30:171][  0]LogConfig: Setting CVar [[s.MinBulkDataSizeForAsyncLoading:131072]]
[2019.04.16-01.32.30:171][  0]LogConfig: Setting CVar [[s.AsyncLoadingThreadEnabled:0]]
[2019.04.16-01.32.30:171][  0]LogConfig: Setting CVar [[s.EventDrivenLoaderEnabled:1]]
[2019.04.16-01.32.30:171][  0]LogConfig: Setting CVar [[s.WarnIfTimeLimitExceeded:0]]
[2019.04.16-01.32.30:171][  0]LogConfig: Setting CVar [[s.TimeLimitExceededMultiplier:1.5]]
[2019.04.16-01.32.30:171][  0]LogConfig: Setting CVar [[s.TimeLimitExceededMinTime:0.005]]
[2019.04.16-01.32.30:171][  0]LogConfig: Setting CVar [[s.UseBackgroundLevelStreaming:1]]
[2019.04.16-01.32.30:171][  0]LogConfig: Setting CVar [[s.PriorityAsyncLoadingExtraTime:15.0]]
[2019.04.16-01.32.30:171][  0]LogConfig: Setting CVar [[s.LevelStreamingActorsUpdateTimeLimit:5.0]]
[2019.04.16-01.32.30:171][  0]LogConfig: Setting CVar [[s.PriorityLevelStreamingActorsUpdateExtraTime:5.0]]
[2019.04.16-01.32.30:171][  0]LogConfig: Setting CVar [[s.LevelStreamingComponentsRegistrationGranularity:10]]
[2019.04.16-01.32.30:171][  0]LogConfig: Setting CVar [[s.UnregisterComponentsTimeLimit:1.0]]
[2019.04.16-01.32.30:171][  0]LogConfig: Setting CVar [[s.LevelStreamingComponentsUnregistrationGranularity:5]]
[2019.04.16-01.32.30:171][  0]LogConfig: Applying CVar settings from Section [/Script/Engine.GarbageCollectionSettings] File [G:/Epic Games/Unreal Projects/joe-liebermans-blood-urge/Saved/Config/Windows/Engine.ini]
[2019.04.16-01.32.30:171][  0]LogConfig: Setting CVar [[gc.MaxObjectsNotConsideredByGC:1]]
[2019.04.16-01.32.30:171][  0]LogConfig: Setting CVar [[gc.SizeOfPermanentObjectPool:0]]
[2019.04.16-01.32.30:171][  0]LogConfig: Setting CVar [[gc.FlushStreamingOnGC:0]]
[2019.04.16-01.32.30:171][  0]LogConfig: Setting CVar [[gc.NumRetriesBeforeForcingGC:10]]
[2019.04.16-01.32.30:171][  0]LogConfig: Setting CVar [[gc.AllowParallelGC:1]]
[2019.04.16-01.32.30:171][  0]LogConfig: Setting CVar [[gc.TimeBetweenPurgingPendingKillObjects:61.1]]
[2019.04.16-01.32.30:171][  0]LogConfig: Setting CVar [[gc.MaxObjectsInEditor:16777216]]
[2019.04.16-01.32.30:171][  0]LogConfig: Setting CVar [[gc.IncrementalBeginDestroyEnabled:1]]
[2019.04.16-01.32.30:171][  0]LogConfig: Setting CVar [[gc.CreateGCClusters:1]]
[2019.04.16-01.32.30:171][  0]LogConfig: Setting CVar [[gc.MinGCClusterSize:5]]
[2019.04.16-01.32.30:171][  0]LogConfig: Setting CVar [[gc.ActorClusteringEnabled:0]]
[2019.04.16-01.32.30:171][  0]LogConfig: Setting CVar [[gc.BlueprintClusteringEnabled:0]]
[2019.04.16-01.32.30:171][  0]LogConfig: Setting CVar [[gc.UseDisregardForGCOnDedicatedServers:0]]
[2019.04.16-01.32.30:171][  0]LogConfig: Applying CVar settings from Section [/Script/Engine.NetworkSettings] File [G:/Epic Games/Unreal Projects/joe-liebermans-blood-urge/Saved/Config/Windows/Engine.ini]
[2019.04.16-01.32.30:171][  0]LogConfig: Applying CVar settings from Section [/Script/UnrealEd.CookerSettings] File [G:/Epic Games/Unreal Projects/joe-liebermans-blood-urge/Saved/Config/Windows/Engine.ini]
[2019.04.16-01.32.30:175][  0]LogConfig: Applying CVar settings from Section [ViewDistanceQuality@3] File [G:/Epic Games/Unreal Projects/joe-liebermans-blood-urge/Saved/Config/Windows/Scalability.ini]
[2019.04.16-01.32.30:175][  0]LogConfig: Setting CVar [[r.SkeletalMeshLODBias:0]]
[2019.04.16-01.32.30:175][  0]LogConfig: Setting CVar [[r.ViewDistanceScale:1.0]]
[2019.04.16-01.32.30:175][  0]LogConfig: Applying CVar settings from Section [AntiAliasingQuality@3] File [G:/Epic Games/Unreal Projects/joe-liebermans-blood-urge/Saved/Config/Windows/Scalability.ini]
[2019.04.16-01.32.30:175][  0]LogConfig: Setting CVar [[r.PostProcessAAQuality:4]]
[2019.04.16-01.32.30:175][  0]LogConfig: Applying CVar settings from Section [ShadowQuality@3] File [G:/Epic Games/Unreal Projects/joe-liebermans-blood-urge/Saved/Config/Windows/Scalability.ini]
[2019.04.16-01.32.30:175][  0]LogConfig: Setting CVar [[r.LightFunctionQuality:1]]
[2019.04.16-01.32.30:175][  0]LogConfig: Setting CVar [[r.ShadowQuality:5]]
[2019.04.16-01.32.30:175][  0]LogConfig: Setting CVar [[r.Shadow.CSM.MaxCascades:10]]
[2019.04.16-01.32.30:175][  0]LogConfig: Setting CVar [[r.Shadow.MaxResolution:2048]]
[2019.04.16-01.32.30:175][  0]LogConfig: Setting CVar [[r.Shadow.MaxCSMResolution:2048]]
[2019.04.16-01.32.30:175][  0]LogConfig: Setting CVar [[r.Shadow.RadiusThreshold:0.01]]
[2019.04.16-01.32.30:175][  0]LogConfig: Setting CVar [[r.Shadow.DistanceScale:1.0]]
[2019.04.16-01.32.30:175][  0]LogConfig: Setting CVar [[r.Shadow.CSM.TransitionScale:1.0]]
[2019.04.16-01.32.30:175][  0]LogConfig: Setting CVar [[r.Shadow.PreShadowResolutionFactor:1.0]]
[2019.04.16-01.32.30:175][  0]LogConfig: Setting CVar [[r.DistanceFieldShadowing:1]]
[2019.04.16-01.32.30:175][  0]LogConfig: Setting CVar [[r.DistanceFieldAO:1]]
[2019.04.16-01.32.30:175][  0]LogConfig: Setting CVar [[r.AOQuality:2]]
[2019.04.16-01.32.30:175][  0]LogConfig: Setting CVar [[r.VolumetricFog:1]]
[2019.04.16-01.32.30:175][  0]LogConfig: Setting CVar [[r.VolumetricFog.GridPixelSize:8]]
[2019.04.16-01.32.30:175][  0]LogConfig: Setting CVar [[r.VolumetricFog.GridSizeZ:128]]
[2019.04.16-01.32.30:175][  0]LogConfig: Setting CVar [[r.VolumetricFog.HistoryMissSupersampleCount:4]]
[2019.04.16-01.32.30:175][  0]LogConfig: Setting CVar [[r.LightMaxDrawDistanceScale:1]]
[2019.04.16-01.32.30:176][  0]LogConfig: Setting CVar [[r.CapsuleShadows:1]]
[2019.04.16-01.32.30:176][  0]LogConfig: Applying CVar settings from Section [PostProcessQuality@3] File [G:/Epic Games/Unreal Projects/joe-liebermans-blood-urge/Saved/Config/Windows/Scalability.ini]
[2019.04.16-01.32.30:176][  0]LogConfig: Setting CVar [[r.MotionBlurQuality:4]]
[2019.04.16-01.32.30:176][  0]LogConfig: Setting CVar [[r.AmbientOcclusionMipLevelFactor:0.4]]
[2019.04.16-01.32.30:176][  0]LogConfig: Setting CVar [[r.AmbientOcclusionMaxQuality:100]]
[2019.04.16-01.32.30:176][  0]LogConfig: Setting CVar [[r.AmbientOcclusionLevels:-1]]
[2019.04.16-01.32.30:176][  0]LogConfig: Setting CVar [[r.AmbientOcclusionRadiusScale:1.0]]
[2019.04.16-01.32.30:176][  0]LogConfig: Setting CVar [[r.DepthOfFieldQuality:2]]
[2019.04.16-01.32.30:176][  0]LogConfig: Setting CVar [[r.RenderTargetPoolMin:400]]
[2019.04.16-01.32.30:176][  0]LogConfig: Setting CVar [[r.LensFlareQuality:2]]
[2019.04.16-01.32.30:176][  0]LogConfig: Setting CVar [[r.SceneColorFringeQuality:1]]
[2019.04.16-01.32.30:176][  0]LogConfig: Setting CVar [[r.EyeAdaptationQuality:2]]
[2019.04.16-01.32.30:176][  0]LogConfig: Setting CVar [[r.BloomQuality:5]]
[2019.04.16-01.32.30:176][  0]LogConfig: Setting CVar [[r.FastBlurThreshold:100]]
[2019.04.16-01.32.30:176][  0]LogConfig: Setting CVar [[r.Upscale.Quality:3]]
[2019.04.16-01.32.30:176][  0]LogConfig: Setting CVar [[r.Tonemapper.GrainQuantization:1]]
[2019.04.16-01.32.30:176][  0]LogConfig: Setting CVar [[r.LightShaftQuality:1]]
[2019.04.16-01.32.30:176][  0]LogConfig: Setting CVar [[r.Filter.SizeScale:1]]
[2019.04.16-01.32.30:176][  0]LogConfig: Setting CVar [[r.Tonemapper.Quality:5]]
[2019.04.16-01.32.30:176][  0]LogConfig: Setting CVar [[r.DOF.Gather.AccumulatorQuality:1        ; higher gathering accumulator quality]]
[2019.04.16-01.32.30:176][  0]LogConfig: Setting CVar [[r.DOF.Gather.PostfilterMethod:1          ; Median3x3 postfilering method]]
[2019.04.16-01.32.30:176][  0]LogConfig: Setting CVar [[r.DOF.Gather.EnableBokehSettings:0       ; no bokeh simulation when gathering]]
[2019.04.16-01.32.30:176][  0]LogConfig: Setting CVar [[r.DOF.Gather.RingCount:4                 ; medium number of samples when gathering]]
[2019.04.16-01.32.30:176][  0]LogConfig: Setting CVar [[r.DOF.Scatter.ForegroundCompositing:1    ; additive foreground scattering]]
[2019.04.16-01.32.30:176][  0]LogConfig: Setting CVar [[r.DOF.Scatter.BackgroundCompositing:2    ; additive background scattering]]
[2019.04.16-01.32.30:176][  0]LogConfig: Setting CVar [[r.DOF.Scatter.EnableBokehSettings:1      ; bokeh simulation when scattering]]
[2019.04.16-01.32.30:176][  0]LogConfig: Setting CVar [[r.DOF.Scatter.MaxSpriteRatio:0.1         ; only a maximum of 10% of scattered bokeh]]
[2019.04.16-01.32.30:176][  0]LogConfig: Setting CVar [[r.DOF.Recombine.Quality:1                ; cheap slight out of focus]]
[2019.04.16-01.32.30:176][  0]LogConfig: Setting CVar [[r.DOF.Recombine.EnableBokehSettings:0    ; no bokeh simulation on slight out of focus]]
[2019.04.16-01.32.30:176][  0]LogConfig: Setting CVar [[r.DOF.TemporalAAQuality:1                ; more stable temporal accumulation]]
[2019.04.16-01.32.30:176][  0]LogConfig: Setting CVar [[r.DOF.Kernel.MaxForegroundRadius:0.025]]
[2019.04.16-01.32.30:176][  0]LogConfig: Setting CVar [[r.DOF.Kernel.MaxBackgroundRadius:0.025]]
[2019.04.16-01.32.30:176][  0]LogConfig: Applying CVar settings from Section [TextureQuality@3] File [G:/Epic Games/Unreal Projects/joe-liebermans-blood-urge/Saved/Config/Windows/Scalability.ini]
[2019.04.16-01.32.30:176][  0]LogConfig: Setting CVar [[r.Streaming.MipBias:0]]
[2019.04.16-01.32.30:176][  0]LogConfig: Setting CVar [[r.Streaming.AmortizeCPUToGPUCopy:0]]
[2019.04.16-01.32.30:176][  0]LogConfig: Setting CVar [[r.Streaming.MaxNumTexturesToStreamPerFrame:0]]
[2019.04.16-01.32.30:176][  0]LogConfig: Setting CVar [[r.Streaming.Boost:1]]
[2019.04.16-01.32.30:176][  0]LogConfig: Setting CVar [[r.MaxAnisotropy:8]]
[2019.04.16-01.32.30:176][  0]LogConfig: Setting CVar [[r.Streaming.LimitPoolSizeToVRAM:0]]
[2019.04.16-01.32.30:176][  0]LogConfig: Setting CVar [[r.Streaming.PoolSize:1000]]
[2019.04.16-01.32.30:176][  0]LogConfig: Setting CVar [[r.Streaming.MaxEffectiveScreenSize:0]]
[2019.04.16-01.32.30:176][  0]LogConfig: Applying CVar settings from Section [EffectsQuality@3] File [G:/Epic Games/Unreal Projects/joe-liebermans-blood-urge/Saved/Config/Windows/Scalability.ini]
[2019.04.16-01.32.30:176][  0]LogConfig: Setting CVar [[r.TranslucencyLightingVolumeDim:64]]
[2019.04.16-01.32.30:176][  0]LogConfig: Setting CVar [[r.RefractionQuality:2]]
[2019.04.16-01.32.30:176][  0]LogConfig: Setting CVar [[r.SSR.Quality:3]]
[2019.04.16-01.32.30:176][  0]LogConfig: Setting CVar [[r.SceneColorFormat:4]]
[2019.04.16-01.32.30:176][  0]LogConfig: Setting CVar [[r.DetailMode:2]]
[2019.04.16-01.32.30:176][  0]LogConfig: Setting CVar [[r.TranslucencyVolumeBlur:1]]
[2019.04.16-01.32.30:176][  0]LogConfig: Setting CVar [[r.MaterialQualityLevel:1 ; High quality]]
[2019.04.16-01.32.30:176][  0]LogConfig: Setting CVar [[r.SSS.Scale:1]]
[2019.04.16-01.32.30:176][  0]LogConfig: Setting CVar [[r.SSS.SampleSet:2]]
[2019.04.16-01.32.30:176][  0]LogConfig: Setting CVar [[r.SSS.Quality:1]]
[2019.04.16-01.32.30:176][  0]LogConfig: Setting CVar [[r.SSS.HalfRes:1]]
[2019.04.16-01.32.30:176][  0]LogConfig: Setting CVar [[r.EmitterSpawnRateScale:1.0]]
[2019.04.16-01.32.30:176][  0]LogConfig: Setting CVar [[r.ParticleLightQuality:2]]
[2019.04.16-01.32.30:176][  0]LogConfig: Applying CVar settings from Section [FoliageQuality@3] File [G:/Epic Games/Unreal Projects/joe-liebermans-blood-urge/Saved/Config/Windows/Scalability.ini]
[2019.04.16-01.32.30:176][  0]LogConfig: Setting CVar [[foliage.DensityScale:1.0]]
[2019.04.16-01.32.30:176][  0]LogConfig: Setting CVar [[grass.DensityScale:1.0]]
[2019.04.16-01.32.30:176][  0]LogInit: Selected Device Profile: [Windows]
[2019.04.16-01.32.30:176][  0]LogInit: Applying CVar settings loaded from the selected device profile: [Windows]
[2019.04.16-01.32.30:182][  0]LogHAL: Display: Platform has ~ 32 GB [34289577984 / 34359738368 / 32], which maps to Largest [LargestMinGB=32, LargerMinGB=12, DefaultMinGB=8, SmallerMinGB=6, SmallestMinGB=0)
[2019.04.16-01.32.30:182][  0]LogConfig: Setting CVar [[r.Vulkan.UseRealUBs:0		; Required until we fix HLR fall-out]]
[2019.04.16-01.32.30:182][  0]LogInit: Going up to parent DeviceProfile []
[2019.04.16-01.32.30:182][  0]LogConfig: Applying CVar settings from Section [ViewDistanceQuality@3] File [G:/Epic Games/Unreal Projects/joe-liebermans-blood-urge/Saved/Config/Windows/Scalability.ini]
[2019.04.16-01.32.30:182][  0]LogConfig: Setting CVar [[r.SkeletalMeshLODBias:0]]
[2019.04.16-01.32.30:182][  0]LogConfig: Setting CVar [[r.ViewDistanceScale:1.0]]
[2019.04.16-01.32.30:182][  0]LogConfig: Applying CVar settings from Section [AntiAliasingQuality@3] File [G:/Epic Games/Unreal Projects/joe-liebermans-blood-urge/Saved/Config/Windows/Scalability.ini]
[2019.04.16-01.32.30:182][  0]LogConfig: Setting CVar [[r.PostProcessAAQuality:4]]
[2019.04.16-01.32.30:182][  0]LogConfig: Applying CVar settings from Section [ShadowQuality@3] File [G:/Epic Games/Unreal Projects/joe-liebermans-blood-urge/Saved/Config/Windows/Scalability.ini]
[2019.04.16-01.32.30:182][  0]LogConfig: Setting CVar [[r.LightFunctionQuality:1]]
[2019.04.16-01.32.30:182][  0]LogConfig: Setting CVar [[r.ShadowQuality:5]]
[2019.04.16-01.32.30:182][  0]LogConfig: Setting CVar [[r.Shadow.CSM.MaxCascades:10]]
[2019.04.16-01.32.30:182][  0]LogConfig: Setting CVar [[r.Shadow.MaxResolution:2048]]
[2019.04.16-01.32.30:182][  0]LogConfig: Setting CVar [[r.Shadow.MaxCSMResolution:2048]]
[2019.04.16-01.32.30:182][  0]LogConfig: Setting CVar [[r.Shadow.RadiusThreshold:0.01]]
[2019.04.16-01.32.30:182][  0]LogConfig: Setting CVar [[r.Shadow.DistanceScale:1.0]]
[2019.04.16-01.32.30:182][  0]LogConfig: Setting CVar [[r.Shadow.CSM.TransitionScale:1.0]]
[2019.04.16-01.32.30:182][  0]LogConfig: Setting CVar [[r.Shadow.PreShadowResolutionFactor:1.0]]
[2019.04.16-01.32.30:182][  0]LogConfig: Setting CVar [[r.DistanceFieldShadowing:1]]
[2019.04.16-01.32.30:182][  0]LogConfig: Setting CVar [[r.DistanceFieldAO:1]]
[2019.04.16-01.32.30:182][  0]LogConfig: Setting CVar [[r.AOQuality:2]]
[2019.04.16-01.32.30:182][  0]LogConfig: Setting CVar [[r.VolumetricFog:1]]
[2019.04.16-01.32.30:182][  0]LogConfig: Setting CVar [[r.VolumetricFog.GridPixelSize:8]]
[2019.04.16-01.32.30:182][  0]LogConfig: Setting CVar [[r.VolumetricFog.GridSizeZ:128]]
[2019.04.16-01.32.30:182][  0]LogConfig: Setting CVar [[r.VolumetricFog.HistoryMissSupersampleCount:4]]
[2019.04.16-01.32.30:182][  0]LogConfig: Setting CVar [[r.LightMaxDrawDistanceScale:1]]
[2019.04.16-01.32.30:182][  0]LogConfig: Setting CVar [[r.CapsuleShadows:1]]
[2019.04.16-01.32.30:182][  0]LogConfig: Applying CVar settings from Section [PostProcessQuality@3] File [G:/Epic Games/Unreal Projects/joe-liebermans-blood-urge/Saved/Config/Windows/Scalability.ini]
[2019.04.16-01.32.30:182][  0]LogConfig: Setting CVar [[r.MotionBlurQuality:4]]
[2019.04.16-01.32.30:182][  0]LogConfig: Setting CVar [[r.AmbientOcclusionMipLevelFactor:0.4]]
[2019.04.16-01.32.30:182][  0]LogConfig: Setting CVar [[r.AmbientOcclusionMaxQuality:100]]
[2019.04.16-01.32.30:182][  0]LogConfig: Setting CVar [[r.AmbientOcclusionLevels:-1]]
[2019.04.16-01.32.30:182][  0]LogConfig: Setting CVar [[r.AmbientOcclusionRadiusScale:1.0]]
[2019.04.16-01.32.30:182][  0]LogConfig: Setting CVar [[r.DepthOfFieldQuality:2]]
[2019.04.16-01.32.30:182][  0]LogConfig: Setting CVar [[r.RenderTargetPoolMin:400]]
[2019.04.16-01.32.30:182][  0]LogConfig: Setting CVar [[r.LensFlareQuality:2]]
[2019.04.16-01.32.30:182][  0]LogConfig: Setting CVar [[r.SceneColorFringeQuality:1]]
[2019.04.16-01.32.30:182][  0]LogConfig: Setting CVar [[r.EyeAdaptationQuality:2]]
[2019.04.16-01.32.30:182][  0]LogConfig: Setting CVar [[r.BloomQuality:5]]
[2019.04.16-01.32.30:182][  0]LogConfig: Setting CVar [[r.FastBlurThreshold:100]]
[2019.04.16-01.32.30:182][  0]LogConfig: Setting CVar [[r.Upscale.Quality:3]]
[2019.04.16-01.32.30:182][  0]LogConfig: Setting CVar [[r.Tonemapper.GrainQuantization:1]]
[2019.04.16-01.32.30:182][  0]LogConfig: Setting CVar [[r.LightShaftQuality:1]]
[2019.04.16-01.32.30:182][  0]LogConfig: Setting CVar [[r.Filter.SizeScale:1]]
[2019.04.16-01.32.30:182][  0]LogConfig: Setting CVar [[r.Tonemapper.Quality:5]]
[2019.04.16-01.32.30:182][  0]LogConfig: Setting CVar [[r.DOF.Gather.AccumulatorQuality:1        ; higher gathering accumulator quality]]
[2019.04.16-01.32.30:182][  0]LogConfig: Setting CVar [[r.DOF.Gather.PostfilterMethod:1          ; Median3x3 postfilering method]]
[2019.04.16-01.32.30:182][  0]LogConfig: Setting CVar [[r.DOF.Gather.EnableBokehSettings:0       ; no bokeh simulation when gathering]]
[2019.04.16-01.32.30:182][  0]LogConfig: Setting CVar [[r.DOF.Gather.RingCount:4                 ; medium number of samples when gathering]]
[2019.04.16-01.32.30:182][  0]LogConfig: Setting CVar [[r.DOF.Scatter.ForegroundCompositing:1    ; additive foreground scattering]]
[2019.04.16-01.32.30:182][  0]LogConfig: Setting CVar [[r.DOF.Scatter.BackgroundCompositing:2    ; additive background scattering]]
[2019.04.16-01.32.30:182][  0]LogConfig: Setting CVar [[r.DOF.Scatter.EnableBokehSettings:1      ; bokeh simulation when scattering]]
[2019.04.16-01.32.30:182][  0]LogConfig: Setting CVar [[r.DOF.Scatter.MaxSpriteRatio:0.1         ; only a maximum of 10% of scattered bokeh]]
[2019.04.16-01.32.30:182][  0]LogConfig: Setting CVar [[r.DOF.Recombine.Quality:1                ; cheap slight out of focus]]
[2019.04.16-01.32.30:182][  0]LogConfig: Setting CVar [[r.DOF.Recombine.EnableBokehSettings:0    ; no bokeh simulation on slight out of focus]]
[2019.04.16-01.32.30:182][  0]LogConfig: Setting CVar [[r.DOF.TemporalAAQuality:1                ; more stable temporal accumulation]]
[2019.04.16-01.32.30:182][  0]LogConfig: Setting CVar [[r.DOF.Kernel.MaxForegroundRadius:0.025]]
[2019.04.16-01.32.30:182][  0]LogConfig: Setting CVar [[r.DOF.Kernel.MaxBackgroundRadius:0.025]]
[2019.04.16-01.32.30:182][  0]LogConfig: Applying CVar settings from Section [TextureQuality@3] File [G:/Epic Games/Unreal Projects/joe-liebermans-blood-urge/Saved/Config/Windows/Scalability.ini]
[2019.04.16-01.32.30:182][  0]LogConfig: Setting CVar [[r.Streaming.MipBias:0]]
[2019.04.16-01.32.30:182][  0]LogConfig: Setting CVar [[r.Streaming.AmortizeCPUToGPUCopy:0]]
[2019.04.16-01.32.30:182][  0]LogConfig: Setting CVar [[r.Streaming.MaxNumTexturesToStreamPerFrame:0]]
[2019.04.16-01.32.30:182][  0]LogConfig: Setting CVar [[r.Streaming.Boost:1]]
[2019.04.16-01.32.30:182][  0]LogConfig: Setting CVar [[r.MaxAnisotropy:8]]
[2019.04.16-01.32.30:182][  0]LogConfig: Setting CVar [[r.Streaming.LimitPoolSizeToVRAM:0]]
[2019.04.16-01.32.30:182][  0]LogConfig: Setting CVar [[r.Streaming.PoolSize:1000]]
[2019.04.16-01.32.30:182][  0]LogConfig: Setting CVar [[r.Streaming.MaxEffectiveScreenSize:0]]
[2019.04.16-01.32.30:182][  0]LogConfig: Applying CVar settings from Section [EffectsQuality@3] File [G:/Epic Games/Unreal Projects/joe-liebermans-blood-urge/Saved/Config/Windows/Scalability.ini]
[2019.04.16-01.32.30:182][  0]LogConfig: Setting CVar [[r.TranslucencyLightingVolumeDim:64]]
[2019.04.16-01.32.30:182][  0]LogConfig: Setting CVar [[r.RefractionQuality:2]]
[2019.04.16-01.32.30:182][  0]LogConfig: Setting CVar [[r.SSR.Quality:3]]
[2019.04.16-01.32.30:182][  0]LogConfig: Setting CVar [[r.SceneColorFormat:4]]
[2019.04.16-01.32.30:182][  0]LogConfig: Setting CVar [[r.DetailMode:2]]
[2019.04.16-01.32.30:182][  0]LogConfig: Setting CVar [[r.TranslucencyVolumeBlur:1]]
[2019.04.16-01.32.30:182][  0]LogConfig: Setting CVar [[r.MaterialQualityLevel:1 ; High quality]]
[2019.04.16-01.32.30:182][  0]LogConfig: Setting CVar [[r.SSS.Scale:1]]
[2019.04.16-01.32.30:182][  0]LogConfig: Setting CVar [[r.SSS.SampleSet:2]]
[2019.04.16-01.32.30:182][  0]LogConfig: Setting CVar [[r.SSS.Quality:1]]
[2019.04.16-01.32.30:182][  0]LogConfig: Setting CVar [[r.SSS.HalfRes:1]]
[2019.04.16-01.32.30:182][  0]LogConfig: Setting CVar [[r.EmitterSpawnRateScale:1.0]]
[2019.04.16-01.32.30:182][  0]LogConfig: Setting CVar [[r.ParticleLightQuality:2]]
[2019.04.16-01.32.30:182][  0]LogConfig: Applying CVar settings from Section [FoliageQuality@3] File [G:/Epic Games/Unreal Projects/joe-liebermans-blood-urge/Saved/Config/Windows/Scalability.ini]
[2019.04.16-01.32.30:182][  0]LogConfig: Setting CVar [[foliage.DensityScale:1.0]]
[2019.04.16-01.32.30:182][  0]LogConfig: Setting CVar [[grass.DensityScale:1.0]]
[2019.04.16-01.32.30:182][  0]LogConfig: Applying CVar settings from Section [Startup] File [../../../Engine/Config/ConsoleVariables.ini]
[2019.04.16-01.32.30:182][  0]LogConfig: Setting CVar [[net.UseAdaptiveNetUpdateFrequency:0]]
[2019.04.16-01.32.30:182][  0]LogConfig: Setting CVar [[p.chaos.AllowCreatePhysxBodies:1]]
[2019.04.16-01.32.30:182][  0]LogConfig: Applying CVar settings from Section [ConsoleVariables] File [G:/Epic Games/Unreal Projects/joe-liebermans-blood-urge/Saved/Config/Windows/Engine.ini]
[2019.04.16-01.32.30:182][  0]LogInit: Computer: COLE
[2019.04.16-01.32.30:182][  0]LogInit: User: ColePC
[2019.04.16-01.32.30:182][  0]LogInit: CPU Page size=4096, Cores=4
[2019.04.16-01.32.30:182][  0]LogInit: High frequency timer resolution =3.913037 MHz
[2019.04.16-01.32.30:183][  0]LogMemory: Memory total: Physical=31.9GB (32GB approx)
[2019.04.16-01.32.30:183][  0]LogMemory: Platform Memory Stats for Windows
[2019.04.16-01.32.30:183][  0]LogMemory: Process Physical Memory: 94.69 MB used, 94.69 MB peak
[2019.04.16-01.32.30:183][  0]LogMemory: Process Virtual Memory: 88.48 MB used, 88.48 MB peak
[2019.04.16-01.32.30:183][  0]LogMemory: Physical Memory: 5889.06 MB used,  26812.03 MB free, 32701.09 MB total
[2019.04.16-01.32.30:183][  0]LogMemory: Virtual Memory: 504.96 MB used,  134217224.00 MB free, 134217728.00 MB total
[2019.04.16-01.32.30:191][  0]LogInit: Using OS detected language (en-US).
[2019.04.16-01.32.30:191][  0]LogInit: Using OS detected locale (en-US).
[2019.04.16-01.32.30:191][  0]LogTextLocalizationManager: No specific localization for 'en-US' exists, so the 'en' localization will be used.
[2019.04.16-01.32.30:305][  0]LogInit: Setting process to per monitor DPI aware
[2019.04.16-01.32.30:315][  0]LogSlate: New Slate User Created.  User Index 0, Is Virtual User: 0
[2019.04.16-01.32.30:315][  0]LogSlate: Slate User Registered.  User Index 0, Is Virtual User: 0
[2019.04.16-01.32.30:424][  0]LogHMD: Failed to initialize OpenVR with code 110
[2019.04.16-01.32.30:424][  0]LogD3D11RHI: D3D11 adapters:
[2019.04.16-01.32.30:448][  0]LogD3D11RHI:    0. 'NVIDIA GeForce GTX 980' (Feature Level 11_0)
[2019.04.16-01.32.30:448][  0]LogD3D11RHI:       3945/0/16350 MB DedicatedVideo/DedicatedSystem/SharedSystem, Outputs:2, VendorId:0x10de
[2019.04.16-01.32.30:449][  0]LogD3D11RHI:    1. 'Microsoft Basic Render Driver' (Feature Level 11_0)
[2019.04.16-01.32.30:449][  0]LogD3D11RHI:       0/0/256 MB DedicatedVideo/DedicatedSystem/SharedSystem, Outputs:0, VendorId:0x1414
[2019.04.16-01.32.30:449][  0]LogD3D11RHI: Chosen D3D11 Adapter: 0
[2019.04.16-01.32.30:451][  0]LogD3D11RHI: Creating new Direct3DDevice
[2019.04.16-01.32.30:451][  0]LogD3D11RHI:     GPU DeviceId: 0x13c0 (for the marketing name, search the web for "GPU Device Id")
[2019.04.16-01.32.30:451][  0]LogWindows: EnumDisplayDevices:
[2019.04.16-01.32.30:451][  0]LogWindows:    0. 'NVIDIA GeForce GTX 980' (P:1 D:1)
[2019.04.16-01.32.30:451][  0]LogWindows:    1. 'NVIDIA GeForce GTX 980' (P:0 D:1)
[2019.04.16-01.32.30:452][  0]LogWindows:    2. 'NVIDIA GeForce GTX 980' (P:0 D:0)
[2019.04.16-01.32.30:452][  0]LogWindows:    3. 'NVIDIA GeForce GTX 980' (P:0 D:0)
[2019.04.16-01.32.30:452][  0]LogWindows: DebugString: FoundDriverCount:4 
[2019.04.16-01.32.30:452][  0]LogD3D11RHI:     Adapter Name: NVIDIA GeForce GTX 980
[2019.04.16-01.32.30:452][  0]LogD3D11RHI:   Driver Version: 388.13 (internal:23.21.13.8813, unified:388.13)
[2019.04.16-01.32.30:452][  0]LogD3D11RHI:      Driver Date: 10-27-2017
[2019.04.16-01.32.30:452][  0]LogRHI: Texture pool is 2762 MB (70% of 3945 MB)
[2019.04.16-01.32.30:460][  0]LogD3D11RHI: Async texture creation enabled
[2019.04.16-01.32.30:462][  0]LogRendererCore: FGlobalReadBuffer::InitRHI
[2019.04.16-01.32.30:462][  0]LogRendererCore: FGlobalReadBuffer::InitRHI
[2019.04.16-01.32.30:462][  0]LogRendererCore: FGlobalReadBuffer::InitRHI
[2019.04.16-01.32.30:476][  0]LogD3D11RHI: GPU Timing Frequency: 1000.000000 (Debug: 2 2)
[2019.04.16-01.32.30:668][  0]LogTemp: Display: Module 'AllDesktopTargetPlatform' loaded TargetPlatform 'AllDesktop'
[2019.04.16-01.32.30:678][  0]LogTemp: Display: Module 'MacClientTargetPlatform' loaded TargetPlatform 'MacClient'
[2019.04.16-01.32.30:687][  0]LogTemp: Display: Module 'MacNoEditorTargetPlatform' loaded TargetPlatform 'MacNoEditor'
[2019.04.16-01.32.30:696][  0]LogTemp: Display: Module 'MacServerTargetPlatform' loaded TargetPlatform 'MacServer'
[2019.04.16-01.32.30:706][  0]LogTemp: Display: Module 'MacTargetPlatform' loaded TargetPlatform 'Mac'
[2019.04.16-01.32.30:715][  0]LogTemp: Display: Module 'WindowsClientTargetPlatform' loaded TargetPlatform 'WindowsClient'
[2019.04.16-01.32.30:725][  0]LogTemp: Display: Module 'WindowsNoEditorTargetPlatform' loaded TargetPlatform 'WindowsNoEditor'
[2019.04.16-01.32.30:734][  0]LogTemp: Display: Module 'WindowsServerTargetPlatform' loaded TargetPlatform 'WindowsServer'
[2019.04.16-01.32.30:738][  0]LogTemp: Display: Module 'WindowsTargetPlatform' loaded TargetPlatform 'Windows'
[2019.04.16-01.32.30:798][  0]LogTemp: Display: Module 'AndroidTargetPlatform' loaded TargetPlatform 'Android'
[2019.04.16-01.32.30:798][  0]LogTemp: Display: Module 'AndroidTargetPlatform' loaded TargetPlatform 'Android_ASTC'
[2019.04.16-01.32.30:798][  0]LogTemp: Display: Module 'AndroidTargetPlatform' loaded TargetPlatform 'Android_ATC'
[2019.04.16-01.32.30:798][  0]LogTemp: Display: Module 'AndroidTargetPlatform' loaded TargetPlatform 'Android_DXT'
[2019.04.16-01.32.30:798][  0]LogTemp: Display: Module 'AndroidTargetPlatform' loaded TargetPlatform 'Android_ETC1'
[2019.04.16-01.32.30:798][  0]LogTemp: Display: Module 'AndroidTargetPlatform' loaded TargetPlatform 'Android_ETC1a'
[2019.04.16-01.32.30:798][  0]LogTemp: Display: Module 'AndroidTargetPlatform' loaded TargetPlatform 'Android_ETC2'
[2019.04.16-01.32.30:798][  0]LogTemp: Display: Module 'AndroidTargetPlatform' loaded TargetPlatform 'Android_PVRTC'
[2019.04.16-01.32.30:798][  0]LogTemp: Display: Module 'AndroidTargetPlatform' loaded TargetPlatform 'AndroidClient'
[2019.04.16-01.32.30:798][  0]LogTemp: Display: Module 'AndroidTargetPlatform' loaded TargetPlatform 'Android_ASTCClient'
[2019.04.16-01.32.30:798][  0]LogTemp: Display: Module 'AndroidTargetPlatform' loaded TargetPlatform 'Android_ATCClient'
[2019.04.16-01.32.30:798][  0]LogTemp: Display: Module 'AndroidTargetPlatform' loaded TargetPlatform 'Android_DXTClient'
[2019.04.16-01.32.30:798][  0]LogTemp: Display: Module 'AndroidTargetPlatform' loaded TargetPlatform 'Android_ETC1Client'
[2019.04.16-01.32.30:798][  0]LogTemp: Display: Module 'AndroidTargetPlatform' loaded TargetPlatform 'Android_ETC1aClient'
[2019.04.16-01.32.30:798][  0]LogTemp: Display: Module 'AndroidTargetPlatform' loaded TargetPlatform 'Android_ETC2Client'
[2019.04.16-01.32.30:798][  0]LogTemp: Display: Module 'AndroidTargetPlatform' loaded TargetPlatform 'Android_PVRTCClient'
[2019.04.16-01.32.30:798][  0]LogTemp: Display: Module 'AndroidTargetPlatform' loaded TargetPlatform 'Android_Multi'
[2019.04.16-01.32.30:798][  0]LogTemp: Display: Module 'AndroidTargetPlatform' loaded TargetPlatform 'Android_MultiClient'
[2019.04.16-01.32.30:799][  0]LogTemp: Display: Module 'HTML5TargetPlatform' loaded TargetPlatform 'HTML5'
[2019.04.16-01.32.30:839][  0]LogTemp: Display: Module 'IOSTargetPlatform' loaded TargetPlatform 'IOSClient'
[2019.04.16-01.32.30:839][  0]LogTemp: Display: Module 'IOSTargetPlatform' loaded TargetPlatform 'IOS'
[2019.04.16-01.32.30:857][  0]LogTemp: Display: Module 'TVOSTargetPlatform' loaded TargetPlatform 'TVOSClient'
[2019.04.16-01.32.30:857][  0]LogTemp: Display: Module 'TVOSTargetPlatform' loaded TargetPlatform 'TVOS'
[2019.04.16-01.32.30:866][  0]LogTemp: Display: Module 'LinuxClientTargetPlatform' loaded TargetPlatform 'LinuxClient'
[2019.04.16-01.32.30:874][  0]LogTemp: Display: Module 'LinuxNoEditorTargetPlatform' loaded TargetPlatform 'LinuxNoEditor'
[2019.04.16-01.32.30:883][  0]LogTemp: Display: Module 'LinuxServerTargetPlatform' loaded TargetPlatform 'LinuxServer'
[2019.04.16-01.32.30:892][  0]LogTemp: Display: Module 'LinuxTargetPlatform' loaded TargetPlatform 'Linux'
[2019.04.16-01.32.30:926][  0]LogTemp: Display: Module 'LuminTargetPlatform' loaded TargetPlatform 'Lumin'
[2019.04.16-01.32.30:926][  0]LogTemp: Display: Module 'LuminTargetPlatform' loaded TargetPlatform 'LuminClient'
[2019.04.16-01.32.30:926][  0]LogTargetPlatformManager: Display: Building Assets For Windows
[2019.04.16-01.32.30:930][  0]LogAudioDebug: Display: Lib vorbis DLL was dynamically loaded.
[2019.04.16-01.32.30:949][  0]LogShaderCompilers: Guid format shader working directory is -5 characters bigger than the processId version (../../../../Unreal Projects/joe-liebermans-blood-urge/Intermediate/Shaders/WorkingDirectory/6904/).
[2019.04.16-01.32.30:949][  0]LogShaderCompilers: Cleaned the shader compiler working directory 'C:/Users/Cole PC/AppData/Local/Temp/UnrealShaderWorkingDir/FC95289C49C1F0962E2EAD9754810F86/'.
[2019.04.16-01.32.30:950][  0]LogXGEController: Cannot use XGE Controller as Incredibuild is not installed on this machine.
[2019.04.16-01.32.30:950][  0]LogShaderCompilers: Cannot use XGE Shader Compiler as Incredibuild is not installed on this machine.
[2019.04.16-01.32.30:950][  0]LogShaderCompilers: Display: Using Local Shader Compiler.
[2019.04.16-01.32.31:386][  0]LogDerivedDataCache: Display: Max Cache Size: 512 MB
[2019.04.16-01.32.31:433][  0]LogDerivedDataCache: Loaded boot cache 0.05s 71MB C:/Users/Cole PC/AppData/Local/UnrealEngine/4.22/DerivedDataCache/Boot.ddc.
[2019.04.16-01.32.31:433][  0]LogDerivedDataCache: Display: Loaded Boot cache: C:/Users/Cole PC/AppData/Local/UnrealEngine/4.22/DerivedDataCache/Boot.ddc
[2019.04.16-01.32.31:433][  0]LogDerivedDataCache: FDerivedDataBackendGraph:  Pak pak cache file ../../../../Unreal Projects/joe-liebermans-blood-urge/DerivedDataCache/DDC.ddp not found, will not use a pak cache.
[2019.04.16-01.32.31:433][  0]LogDerivedDataCache: Unable to find inner node Pak for hierarchical cache Hierarchy.
[2019.04.16-01.32.31:433][  0]LogDerivedDataCache: FDerivedDataBackendGraph:  CompressedPak pak cache file ../../../../Unreal Projects/joe-liebermans-blood-urge/DerivedDataCache/Compressed.ddp not found, will not use a pak cache.
[2019.04.16-01.32.31:433][  0]LogDerivedDataCache: Unable to find inner node CompressedPak for hierarchical cache Hierarchy.
[2019.04.16-01.32.31:443][  0]LogDerivedDataCache: Display: Pak cache opened for reading ../../../Engine/DerivedDataCache/Compressed.ddp.
[2019.04.16-01.32.31:443][  0]LogDerivedDataCache: FDerivedDataBackendGraph:  EnterprisePak pak cache file ../../../Enterprise/DerivedDataCache/Compressed.ddp not found, will not use a pak cache.
[2019.04.16-01.32.31:443][  0]LogDerivedDataCache: Unable to find inner node EnterprisePak for hierarchical cache Hierarchy.
[2019.04.16-01.32.31:454][  0]LogDerivedDataCache: Using Local data cache path C:/Users/Cole PC/AppData/Local/UnrealEngine/Common/DerivedDataCache: Writable
[2019.04.16-01.32.31:454][  0]LogDerivedDataCache: Shared data cache path not found in *engine.ini, will not use an Shared cache.
[2019.04.16-01.32.31:454][  0]LogDerivedDataCache: Unable to find inner node Shared for hierarchical cache Hierarchy.
[2019.04.16-01.32.31:470][  0]LogMaterial: Verifying Global Shaders for PCD3D_SM5
[2019.04.16-01.32.31:471][  0]LogSlate: Using FreeType 2.6.0
[2019.04.16-01.32.31:471][  0]LogSlate: SlateFontServices - WITH_FREETYPE: 1, WITH_HARFBUZZ: 1
[2019.04.16-01.32.31:537][  0]LogAssetRegistry: FAssetRegistry took 0.0304 seconds to start up
[2019.04.16-01.32.31:802][  0]LogInit: Selected Device Profile: [Windows]
[2019.04.16-01.32.31:901][  0]LogMeshReduction: Using QuadricMeshReduction for automatic static mesh reduction
[2019.04.16-01.32.31:901][  0]LogMeshReduction: Using SimplygonMeshReduction for automatic skeletal mesh reduction
[2019.04.16-01.32.31:901][  0]LogMeshReduction: Using ProxyLODMeshReduction for automatic mesh merging
[2019.04.16-01.32.31:901][  0]LogMeshReduction: No distributed automatic mesh merging module available
[2019.04.16-01.32.31:901][  0]LogMeshMerging: No distributed automatic mesh merging module available
[2019.04.16-01.32.31:912][  0]LogNetVersion: JLsBloodLust 1.0.0, NetCL: 5660361, EngineNetVer: 10, GameNetVer: 0 (Checksum: 3765293968)
[2019.04.16-01.32.32:193][  0]LogPackageLocalizationCache: Processed 10 localized package path(s) for 1 prioritized culture(s) in 0.018980 seconds
[2019.04.16-01.32.32:197][  0]LogUObjectArray: 42205 objects as part of root set at end of initial load.
[2019.04.16-01.32.32:197][  0]LogUObjectAllocator: 7325032 out of 0 bytes used by permanent object pool.
[2019.04.16-01.32.32:197][  0]LogUObjectArray: CloseDisregardForGC: 0/0 objects in disregard for GC pool
[2019.04.16-01.32.32:740][  0]LogTcpMessaging: Initializing TcpMessaging bridge
[2019.04.16-01.32.32:753][  0]LogUdpMessaging: Initializing bridge on interface 0.0.0.0:0 to multicast group 230.0.0.1:6666.
[2019.04.16-01.32.32:841][  0]SourceControl: Source control is disabled
[2019.04.16-01.32.32:841][  0]SourceControl: Source control is disabled
[2019.04.16-01.32.32:841][  0]SourceControl: Source control is disabled
[2019.04.16-01.32.32:842][  0]SourceControl: Source control is disabled
[2019.04.16-01.32.32:846][  0]LogVSAccessor: Display: Unable to create Visual Studio setup instance: 80040154
[2019.04.16-01.32.32:846][  0]LogVSAccessor: Display: Unable to create Visual Studio setup instance: 80040154
[2019.04.16-01.32.32:881][  0]LogAndroidPermission: UAndroidPermissionCallbackProxy::GetInstance
[2019.04.16-01.32.32:911][  0]LogOcInput: OculusInput pre-init called
[2019.04.16-01.32.33:404][  0]LogEngine: Initializing Engine...
[2019.04.16-01.32.33:405][  0]LogHMD: Failed to initialize OpenVR with code 110
[2019.04.16-01.32.33:406][  0]LogStats: UGameplayTagsManager::InitializeManager -  0.000 s
[2019.04.16-01.32.33:575][  0]LogInit: Initializing FReadOnlyCVARCache
[2019.04.16-01.32.33:581][  0]LogAIModule: Creating AISystem for world Untitled
[2019.04.16-01.32.33:593][  0]LogInit: XAudio2 using 'Headset Earphone (HyperX 7.1 Audio)' : 2 channels at 44.1 kHz using 16 bits per sample (channel mask 0x3)
[2019.04.16-01.32.33:597][  0]LogInit: FAudioDevice initialized.
[2019.04.16-01.32.33:597][  0]LogNetVersion: Set ProjectVersion to 1.0.0.0. Version Checksum will be recalculated on next use.
[2019.04.16-01.32.33:668][  0]LogDerivedDataCache: Saved boot cache 0.07s 71MB C:/Users/Cole PC/AppData/Local/UnrealEngine/4.22/DerivedDataCache/Boot.ddc.
[2019.04.16-01.32.33:668][  0]LogInit: Texture streaming: Enabled
[2019.04.16-01.32.33:676][  0]LogEngineSessionManager: EngineSessionManager initialized
[2019.04.16-01.32.33:683][  0]LogInit: Transaction tracking system initialized
[2019.04.16-01.32.33:693][  0]BlueprintLog: New page: Editor Load
[2019.04.16-01.32.33:728][  0]LocalizationService: Localization service is disabled
[2019.04.16-01.32.33:818][  0]LogVSAccessor: Display: Unable to create Visual Studio setup instance: 80040154
[2019.04.16-01.32.33:819][  0]LogVSAccessor: Display: Unable to create Visual Studio setup instance: 80040154
[2019.04.16-01.32.33:929][  0]LogFileCache: Scanning file cache for directory 'G:/Epic Games/Unreal Projects/joe-liebermans-blood-urge/Content/' took 0.01s
[2019.04.16-01.32.33:929][  0]LogCook: Display: Max memory allowance for cook 16384mb min free memory 0mb
[2019.04.16-01.32.33:929][  0]LogCook: Display: Mobile HDR setting 1
[2019.04.16-01.32.34:028][  0]SourceControl: Source control is disabled
[2019.04.16-01.32.34:028][  0]Cmd: MAP LOAD FILE="../../../../Unreal Projects/joe-liebermans-blood-urge/Content/StarterContent/Maps/Minimal_Default.umap" TEMPLATE=0 SHOWPROGRESS=1 FEATURELEVEL=3
[2019.04.16-01.32.34:028][  0]LightingResults: New page: Lighting Build
[2019.04.16-01.32.34:029][  0]MapCheck: New page: Map Check
[2019.04.16-01.32.34:029][  0]LightingResults: New page: Lighting Build
[2019.04.16-01.32.34:048][  0]LogUObjectHash: Compacting FUObjectHashTables data took   1.37ms
[2019.04.16-01.32.34:126][  0]LogTexture: Display: Building textures: LQ_Lightmap_0_2 (DXT1, 64X64)
[2019.04.16-01.32.34:126][  0]LogTexture: Display: Building textures: SkyOcclusion0_2 (AutoDXT, 64X32)
[2019.04.16-01.32.34:126][  0]LogTexture: Display: Building textures: HQ_Lightmap0_2 (AutoDXT, 64X64)
[2019.04.16-01.32.34:126][  0]LogTexture: Display: Building textures: SkyOcclusion0_1 (AutoDXT, 512X256)
[2019.04.16-01.32.34:126][  0]LogTexture: Display: Building textures: ShadowMapTexture2D_0 (G8, 1024X128)
[2019.04.16-01.32.34:126][  0]LogTexture: Display: Building textures: HQ_Lightmap0_1 (AutoDXT, 512X512)
[2019.04.16-01.32.34:126][  0]LogTexture: Display: Building textures: LQ_Lightmap_0_1 (DXT1, 512X512)
[2019.04.16-01.32.34:126][  0]LogTexture: Display: Building textures: ShadowMapTexture2D_1 (G8, 32X32)
[2019.04.16-01.32.34:146][  0]LogStaticMesh: Building static mesh Floor_400x400...
[2019.04.16-01.32.34:147][  0]LogStaticMesh: Built static mesh [0.00s] /Game/StarterContent/Architecture/Floor_400x400.Floor_400x400
[2019.04.16-01.32.34:291][  0]LogAIModule: Creating AISystem for world Minimal_Default
[2019.04.16-01.32.34:295][  0]LogEditorServer: Finished looking for orphan Actors (0.000 secs)
[2019.04.16-01.32.34:318][  0]LogUObjectHash: Compacting FUObjectHashTables data took   2.43ms
[2019.04.16-01.32.34:319][  0]Cmd: MAP CHECKDEP NOCLEARLOG
[2019.04.16-01.32.34:319][  0]MapCheck: Map check complete: 0 Error(s), 0 Warning(s), took 0.093ms to complete.
[2019.04.16-01.32.34:319][  0]LogFileHelpers: Loading map 'Minimal_Default' took 0.290
[2019.04.16-01.32.34:395][  0]LogSlate: Updating window title bar state: overlay mode, drag disabled, window buttons hidden, title bar hidden
[2019.04.16-01.32.34:401][  0]LogSlate: Updating window title bar state: overlay mode, drag disabled, window buttons hidden, title bar hidden
[2019.04.16-01.32.34:408][  0]LogSlate: Updating window title bar state: overlay mode, drag disabled, window buttons hidden, title bar hidden
[2019.04.16-01.32.34:414][  0]LogSlate: Updating window title bar state: overlay mode, drag disabled, window buttons hidden, title bar hidden
[2019.04.16-01.32.34:417][  0]LogCollectionManager: Loaded 0 collections in 0.000410 seconds
[2019.04.16-01.32.34:453][  0]LogFileCache: Scanning file cache for directory 'G:/Epic Games/Unreal Projects/joe-liebermans-blood-urge/Saved/Collections/' took 0.01s
[2019.04.16-01.32.34:453][  0]LogFileCache: Scanning file cache for directory 'G:/Epic Games/Unreal Projects/joe-liebermans-blood-urge/Content/Developers/ColePC/Collections/' took 0.01s
[2019.04.16-01.32.34:453][  0]LogFileCache: Scanning file cache for directory 'G:/Epic Games/Unreal Projects/joe-liebermans-blood-urge/Content/Collections/' took 0.01s
[2019.04.16-01.32.34:453][  0]LogCollectionManager: Rebuilt the GUID cache for 0 collections in 0.000001 seconds
[2019.04.16-01.32.34:461][  0]LogContentBrowser: Native class hierarchy populated in 0.0082 seconds. Added 2732 classes and 659 folders.
[2019.04.16-01.32.34:466][  0]LogContentBrowser: Native class hierarchy updated for 'WidgetCarousel' in 0.0003 seconds. Added 0 classes and 0 folders.
[2019.04.16-01.32.34:468][  0]LogPakFile: Registered encryption key '00000000000000000000000000000000': 0 pak files mounted, 0 remain pending
[2019.04.16-01.32.34:468][  0]LogPakFile: Registered encryption key '00000000000000000000000000000000': 0 pak files mounted, 0 remain pending
[2019.04.16-01.32.34:469][  0]LogPakFile: Registered encryption key '00000000000000000000000000000000': 0 pak files mounted, 0 remain pending
[2019.04.16-01.32.34:469][  0]LogPakFile: Registered encryption key '00000000000000000000000000000000': 0 pak files mounted, 0 remain pending
[2019.04.16-01.32.34:470][  0]LogPakFile: Registered encryption key '00000000000000000000000000000000': 0 pak files mounted, 0 remain pending
[2019.04.16-01.32.34:470][  0]LogPakFile: Registered encryption key '00000000000000000000000000000000': 0 pak files mounted, 0 remain pending
[2019.04.16-01.32.34:470][  0]LogPakFile: Registered encryption key '00000000000000000000000000000000': 0 pak files mounted, 0 remain pending
[2019.04.16-01.32.34:471][  0]LogPakFile: Registered encryption key '00000000000000000000000000000000': 0 pak files mounted, 0 remain pending
[2019.04.16-01.32.34:471][  0]LogPakFile: Registered encryption key '00000000000000000000000000000000': 0 pak files mounted, 0 remain pending
[2019.04.16-01.32.34:472][  0]LogPakFile: Registered encryption key '00000000000000000000000000000000': 0 pak files mounted, 0 remain pending
[2019.04.16-01.32.34:472][  0]LogPakFile: Registered encryption key '00000000000000000000000000000000': 0 pak files mounted, 0 remain pending
[2019.04.16-01.32.34:473][  0]LogPakFile: Registered encryption key '00000000000000000000000000000000': 0 pak files mounted, 0 remain pending
[2019.04.16-01.32.34:473][  0]LogPakFile: Registered encryption key '00000000000000000000000000000000': 0 pak files mounted, 0 remain pending
[2019.04.16-01.32.34:474][  0]LogPakFile: Registered encryption key '00000000000000000000000000000000': 0 pak files mounted, 0 remain pending
[2019.04.16-01.32.34:474][  0]LogPakFile: Registered encryption key '00000000000000000000000000000000': 0 pak files mounted, 0 remain pending
[2019.04.16-01.32.34:475][  0]LogPakFile: Registered encryption key '00000000000000000000000000000000': 0 pak files mounted, 0 remain pending
[2019.04.16-01.32.34:475][  0]LogPakFile: Registered encryption key '00000000000000000000000000000000': 0 pak files mounted, 0 remain pending
[2019.04.16-01.32.34:476][  0]LogPakFile: Registered encryption key '00000000000000000000000000000000': 0 pak files mounted, 0 remain pending
[2019.04.16-01.32.34:477][  0]LogPakFile: Registered encryption key '00000000000000000000000000000000': 0 pak files mounted, 0 remain pending
[2019.04.16-01.32.34:477][  0]LogPakFile: Registered encryption key '00000000000000000000000000000000': 0 pak files mounted, 0 remain pending
[2019.04.16-01.32.34:478][  0]LogPakFile: Registered encryption key '00000000000000000000000000000000': 0 pak files mounted, 0 remain pending
[2019.04.16-01.32.34:478][  0]LogPakFile: Registered encryption key '00000000000000000000000000000000': 0 pak files mounted, 0 remain pending
[2019.04.16-01.32.34:479][  0]LogPakFile: Registered encryption key '00000000000000000000000000000000': 0 pak files mounted, 0 remain pending
[2019.04.16-01.32.34:480][  0]LogPakFile: Registered encryption key '00000000000000000000000000000000': 0 pak files mounted, 0 remain pending
[2019.04.16-01.32.34:480][  0]LogPakFile: Registered encryption key '00000000000000000000000000000000': 0 pak files mounted, 0 remain pending
[2019.04.16-01.32.34:481][  0]LogPakFile: Registered encryption key '00000000000000000000000000000000': 0 pak files mounted, 0 remain pending
[2019.04.16-01.32.34:505][  0]LogContentBrowser: Native class hierarchy updated for 'AddContentDialog' in 0.0002 seconds. Added 0 classes and 0 folders.
[2019.04.16-01.32.34:508][  0]LogContentBrowser: Native class hierarchy updated for 'SceneOutliner' in 0.0002 seconds. Added 1 classes and 2 folders.
[2019.04.16-01.32.34:558][  0]LogSlate: Took 0.000100 seconds to synchronously load lazily loaded font '../../../Engine/Content/Slate/Fonts/Roboto-Regular.ttf' (155K)
[2019.04.16-01.32.34:559][  0]LogSlate: Took 0.000082 seconds to synchronously load lazily loaded font '../../../Engine/Content/Slate/Fonts/Roboto-Bold.ttf' (160K)
[2019.04.16-01.32.34:562][  0]LogSlate: Took 0.000245 seconds to synchronously load lazily loaded font '../../../Engine/Content/Editor/Slate/Fonts/FontAwesome.ttf' (139K)
[2019.04.16-01.32.34:608][  0]LogRenderer: Reallocating scene render targets to support 1056x556 Format 10 NumSamples 1 (Frame:1).
[2019.04.16-01.32.34:742][  0]LogContentBrowser: Native class hierarchy updated for 'HierarchicalLODOutliner' in 0.0002 seconds. Added 0 classes and 0 folders.
[2019.04.16-01.32.34:742][  0]LogLoad: (Engine Initialization) Total time: 5.56 seconds
[2019.04.16-01.32.34:742][  0]LogLoad: (Engine Initialization) Total Blueprint compile time: 0.00 seconds
[2019.04.16-01.32.34:770][  0]LogAssetRegistry: Asset discovery search completed in 3.2543 seconds
[2019.04.16-01.32.34:772][  0]LogCollectionManager: Rebuilt the object cache for 0 collections in 0.000000 seconds (found 0 objects)
[2019.04.16-01.32.34:772][  0]LogCollectionManager: Fixed up redirectors for 0 collections in 0.000024 seconds (updated 0 objects)
[2019.04.16-01.32.34:773][  0]LogContentStreaming: Texture pool size now 1000 MB
[2019.04.16-01.32.34:784][  0]LogSlate: Took 0.000259 seconds to synchronously load lazily loaded font '../../../Engine/Content/Slate/Fonts/Roboto-Light.ttf' (167K)
[2019.04.16-01.33.13:747][656]LogSlate: FSceneViewport::OnFocusLost() reason 0
[2019.04.16-01.40.26:895][621]LogActorFactory: Actor Factory created SM_Chair
[2019.04.16-01.40.27:625][708]LogActorFactory: Actor Factory created SM_Chair
[2019.04.16-01.41.26:562][747]LogSlate: FSceneViewport::OnFocusLost() reason 0
[2019.04.16-01.41.26:647][757]LogSlate: Took 0.000265 seconds to synchronously load lazily loaded font '../../../Engine/Content/Slate/Fonts/Roboto-Light.ttf' (167K)
[2019.04.16-01.41.26:685][757]LogUObjectHash: Compacting FUObjectHashTables data took   1.17ms
[2019.04.16-01.41.26:775][757]LogSavePackage: Moving '../../../../Unreal Projects/joe-liebermans-blood-urge/Saved/Minimal_DefaultA186D86A463201CB61D6CF879D17156B.tmp' to '../../../../Unreal Projects/joe-liebermans-blood-urge/Content/StarterContent/Maps/Minimal_Default.umap'
[2019.04.16-01.41.26:811][757]LogSavePackage: Moving '../../../../Unreal Projects/joe-liebermans-blood-urge/Saved/Minimal_Default_BuiltDataAFD4EBE043C4607E27E26694F3D141E8.tmp' to '../../../../Unreal Projects/joe-liebermans-blood-urge/Content/StarterContent/Maps/Minimal_Default_BuiltData.uasset'
[2019.04.16-01.42.19:842][934]LogSlate: Took 0.000535 seconds to synchronously load lazily loaded font '../../../Engine/Content/Slate/Fonts/Roboto-Italic.ttf' (157K)
[2019.04.16-01.42.26:092][952]LogSlate: Window 'Source Control Login' being destroyed
[2019.04.16-01.42.31:059][523]LogUObjectHash: Compacting FUObjectHashTables data took   1.38ms
[2019.04.16-01.42.31:133][523]LogSavePackage: Moving '../../../../Unreal Projects/joe-liebermans-blood-urge/Saved/Minimal_DefaultD2055A4448C9562ADC2AF6A2F7667EF4.tmp' to '../../../../Unreal Projects/joe-liebermans-blood-urge/Content/StarterContent/Maps/Minimal_Default.umap'
[2019.04.16-01.42.31:160][523]LogSavePackage: Moving '../../../../Unreal Projects/joe-liebermans-blood-urge/Saved/Minimal_Default_BuiltDataBC184B234C0A792F23375C87E3100ED2.tmp' to '../../../../Unreal Projects/joe-liebermans-blood-urge/Content/StarterContent/Maps/Minimal_Default_BuiltData.uasset'
[2019.04.16-01.42.37:811][317]LogEditorViewport: Clicking on Actor (LMB): BP_Sky_Sphere_C (BP_Sky_Sphere)
[2019.04.16-01.42.43:375][980]LogSlate: FSceneViewport::OnFocusLost() reason 0
[2019.04.16-01.43.00:497][ 32]LogSlate: FSceneViewport::OnFocusLost() reason 0
[2019.04.16-01.43.00:530][ 36]MapCheck: New page: Map Check
[2019.04.16-01.43.00:547][ 36]Cmd: MAP REBUILD ALLVISIBLE
[2019.04.16-01.43.00:547][ 36]LogEditorServer: Rebuildmap Clear paths rebuilt
[2019.04.16-01.43.00:628][ 36]LogUObjectHash: Compacting FUObjectHashTables data took   1.22ms
[2019.04.16-01.43.00:642][ 36]LogMaterial: Display: Missing cached shader map for material DebugViewMode MaterialTexCoordScale, compiling. 
[2019.04.16-01.43.00:650][ 36]LogShaderCompilers: Display: Shaders left to compile 2
[2019.04.16-01.43.00:650][ 36]LogShaderCompilers: Display: Shaders left to compile 1
[2019.04.16-01.43.00:650][ 36]LogMaterial: Display: Missing cached shader map for material DebugViewMode MaterialTexCoordScale, compiling. 
[2019.04.16-01.43.00:658][ 36]LogShaderCompilers: Display: Shaders left to compile 2
[2019.04.16-01.43.00:658][ 36]LogShaderCompilers: Display: Shaders left to compile 1
[2019.04.16-01.43.00:658][ 36]LogMaterial: Display: Missing cached shader map for material DebugViewMode MaterialTexCoordScale, compiling. 
[2019.04.16-01.43.00:664][ 36]LogMaterial: Display: Missing cached shader map for material DebugViewMode MaterialTexCoordScale, compiling. 
[2019.04.16-01.43.00:671][ 36]LogMaterial: Display: Missing cached shader map for material DebugViewMode MaterialTexCoordScale, compiling. 
[2019.04.16-01.43.00:680][ 36]LogMaterial: Display: Missing cached shader map for material DebugViewMode MaterialTexCoordScale, compiling. 
[2019.04.16-01.43.00:687][ 36]LogMaterial: Display: Missing cached shader map for material DebugViewMode MaterialTexCoordScale, compiling. 
[2019.04.16-01.43.01:563][ 36]LogShaderCompilers: Display: Shaders left to compile 10
[2019.04.16-01.43.01:563][ 36]LogShaderCompilers: Display: Shaders left to compile 9
[2019.04.16-01.43.01:563][ 36]LogShaderCompilers: Display: Shaders left to compile 8
[2019.04.16-01.43.01:563][ 36]LogShaderCompilers: Display: Shaders left to compile 7
[2019.04.16-01.43.01:563][ 36]LogShaderCompilers: Display: Shaders left to compile 6
[2019.04.16-01.43.01:563][ 36]LogShaderCompilers: Display: Shaders left to compile 5
[2019.04.16-01.43.01:563][ 36]LogShaderCompilers: Display: Shaders left to compile 4
[2019.04.16-01.43.01:563][ 36]LogShaderCompilers: Display: Shaders left to compile 3
[2019.04.16-01.43.01:563][ 36]LogShaderCompilers: Display: Shaders left to compile 2
[2019.04.16-01.43.01:563][ 36]LogShaderCompilers: Display: Shaders left to compile 1
[2019.04.16-01.43.01:563][ 36]TextureStreamingBuild: Display: Compiling optional shaders took 0.928 seconds.
[2019.04.16-01.43.01:593][ 36]LogLevel: Display: Export Material TexCoord Scales took 0.030 seconds.
[2019.04.16-01.43.01:601][ 36]TextureStreamingBuild: Display: Build Texture Streaming took 0.007 seconds.
[2019.04.16-01.43.01:618][ 36]LogUObjectHash: Compacting FUObjectHashTables data took   0.50ms
[2019.04.16-01.43.01:618][ 36]LightingResults: New page: Lighting Build - Apr 15, 2019, 5:43:01 PM
[2019.04.16-01.43.01:639][ 36]LogSwarmInterface: [OpenConnection] Registering TCP channel ...
[2019.04.16-01.43.01:658][ 36]LogSwarmInterface: [OpenConnection] Connecting to agent ...
[2019.04.16-01.43.01:668][ 36]LogSwarmInterface: [TryOpenConnection] Testing the Agent
[2019.04.16-01.43.02:178][ 36]LogSwarmInterface: [TryOpenConnection] Opening Connection to Agent
[2019.04.16-01.43.02:178][ 36]LogSwarmInterface: [TryOpenConnection] Local Process ID is 6904
[2019.04.16-01.43.08:867][ 36]LogStaticLightingSystem: Warning: No importance volume found, so the scene bounding box was used.  You can optimize your scene's quality and lighting build times by adding importance volumes.
[2019.04.16-01.43.08:868][ 36]LogStaticLightingSystem: Running Lightmass w/ ImmediateImport mode ENABLED
[2019.04.16-01.43.08:868][ 36]LogStaticLightingSystem: Running Lightmass w/ ImmediateProcess mode ENABLED
[2019.04.16-01.43.08:868][ 36]LogStaticLightingSystem: Running Lightmass w/ Sorting mode ENABLED
[2019.04.16-01.43.08:868][ 36]LogStaticLightingSystem: Running Lightmass w/ Mapping paddings ENABLED
[2019.04.16-01.43.08:868][ 36]LogStaticLightingSystem: Running Lightmass w/ Mapping debug paddings DISABLED
[2019.04.16-01.43.09:006][ 36]Cmd: MAP CHECK DONTDISPLAYDIALOG
[2019.04.16-01.43.09:006][ 36]MapCheck: New page: Minimal_Default - Apr 15, 2019, 5:43:09 PM
[2019.04.16-01.43.09:007][ 36]MapCheck: Error: WorldSettings_1 Maps need lighting rebuilt 
[2019.04.16-01.43.09:007][ 36]MapCheck: Map check complete: 1 Error(s), 0 Warning(s), took 0.344ms to complete.
[2019.04.16-01.43.09:029][ 36]LogEditorBuildUtils: Build time 0:08
[2019.04.16-01.43.09:037][ 36]LogMaterial: Display: Missing cached shader map for material FLightmassMaterialRenderer M_Metal_Brushed_Nickel, compiling. 
[2019.04.16-01.43.09:047][ 36]LogMaterial: Display: Missing cached shader map for material FLightmassMaterialRenderer M_Metal_Brushed_Nickel, compiling. 
[2019.04.16-01.43.09:065][ 37]LogShaderCompilers: Display: Shaders left to compile 2
[2019.04.16-01.43.09:065][ 37]LogShaderCompilers: Display: Shaders left to compile 2
[2019.04.16-01.43.09:070][ 37]LogMaterial: Display: Missing cached shader map for material FLightmassMaterialRenderer M_TableRound, compiling. 
[2019.04.16-01.43.09:078][ 37]LogShaderCompilers: Display: Shaders left to compile 2
[2019.04.16-01.43.09:078][ 37]LogMaterial: Display: Missing cached shader map for material FLightmassMaterialRenderer M_TableRound, compiling. 
[2019.04.16-01.43.09:090][ 37]LogShaderCompilers: Display: Shaders left to compile 2
[2019.04.16-01.43.09:143][ 38]LogMaterial: Display: Missing cached shader map for material FLightmassMaterialRenderer M_Chair, compiling. 
[2019.04.16-01.43.09:152][ 38]LogMaterial: Display: Missing cached shader map for material FLightmassMaterialRenderer M_Chair, compiling. 
[2019.04.16-01.43.09:191][ 39]LogMaterial: Display: Missing cached shader map for material FLightmassMaterialRenderer M_Metal_Copper, compiling. 
[2019.04.16-01.43.09:201][ 39]LogMaterial: Display: Missing cached shader map for material FLightmassMaterialRenderer M_Metal_Copper, compiling. 
[2019.04.16-01.43.09:241][ 40]LogMaterial: Display: Missing cached shader map for material FLightmassMaterialRenderer M_StatueGlass, compiling. 
[2019.04.16-01.43.09:252][ 40]LogMaterial: Display: Missing cached shader map for material FLightmassMaterialRenderer M_StatueGlass, compiling. 
[2019.04.16-01.43.09:293][ 41]LogMaterial: Display: Missing cached shader map for material FLightmassMaterialRenderer M_Metal_Burnished_Steel, compiling. 
[2019.04.16-01.43.09:303][ 41]LogMaterial: Display: Missing cached shader map for material FLightmassMaterialRenderer M_Metal_Burnished_Steel, compiling. 
[2019.04.16-01.43.09:339][ 42]LogMaterial: Display: Missing cached shader map for material FLightmassMaterialRenderer MaterialInstanceDynamic_0, compiling. 
[2019.04.16-01.43.09:348][ 42]LogMaterial: Display: Missing cached shader map for material FLightmassMaterialRenderer MaterialInstanceDynamic_0, compiling. 
[2019.04.16-01.43.09:389][ 43]LogMaterial: Display: Missing cached shader map for material FLightmassMaterialRenderer WorldGridMaterial, compiling. Is special engine material.
[2019.04.16-01.43.09:400][ 43]LogMaterial: Display: Missing cached shader map for material FLightmassMaterialRenderer WorldGridMaterial, compiling. Is special engine material.
[2019.04.16-01.43.11:434][ 45]LogShaderCompilers: Display: Shaders left to compile 24
[2019.04.16-01.43.11:434][ 45]LogShaderCompilers: Display: Shaders left to compile 14
[2019.04.16-01.43.11:434][ 45]LogShaderCompilers: Display: Shaders left to compile 4
[2019.04.16-01.43.11:650][ 53]LogUObjectHash: Compacting FUObjectHashTables data took   1.47ms
[2019.04.16-01.43.13:464][179]Job is a success!
[2019.04.16-01.43.13:513][180]LogVolumetricLightmapImport: Imported Volumetric Lightmap in 0.007s
[2019.04.16-01.43.13:513][180]LogVolumetricLightmapImport:      Indirection Texture 16x16x16 = 0.0Mb
[2019.04.16-01.43.13:513][180]LogVolumetricLightmapImport:      BrickData 30x5x5 = 0.0Mb
[2019.04.16-01.43.13:513][180]LogVolumetricLightmapImport:      Bricks at Level
[2019.04.16-01.43.13:513][180]LogVolumetricLightmapImport:          0: 16.7% covering 100.0% of volume
[2019.04.16-01.43.13:513][180]LogVolumetricLightmapImport:          1: 16.7% covering 1.6% of volume
[2019.04.16-01.43.13:513][180]LogVolumetricLightmapImport:          2: 66.7% covering 0.1% of volume
[2019.04.16-01.43.13:654][180]LogTexture: Display: Building textures: SkyOcclusion1_1 (AutoDXT, 512X256)
[2019.04.16-01.43.13:654][180]LogTexture: Display: Building textures: HQ_Lightmap1_1 (AutoDXT, 512X512)
[2019.04.16-01.43.13:654][180]LogTexture: Display: Building textures: LQ_Lightmap_1_1 (DXT1, 512X512)
[2019.04.16-01.43.13:654][180]LogTexture: Display: Building textures: SkyOcclusion1_2 (AutoDXT, 64X32)
[2019.04.16-01.43.13:654][180]LogTexture: Display: Building textures: HQ_Lightmap1_2 (AutoDXT, 64X64)
[2019.04.16-01.43.13:654][180]LogTexture: Display: Building textures: LQ_Lightmap_1_2 (DXT1, 64X64)
[2019.04.16-01.43.13:654][180]LogTexture: Display: Building textures: ShadowMapTexture2D_3 (G8, 32X32)
[2019.04.16-01.43.13:654][180]LogTexture: Display: Building textures: ShadowMapTexture2D_2 (G8, 1024X128)
[2019.04.16-01.43.13:673][180]Lightmass on COLE: 1.34 sec total, 163 ms importing, 26 ms setup, 393 ms photons, 749 ms processing, 0 ms extra exporting [8/8 mappings]. Threads: 5.00 sec total, 1.36 sec processing.
[2019.04.16-01.43.13:690][180]LogStaticLightingSystem: Minimal_Default_BuiltData storing lightmap data for 8 meshes in 2 LightmapResourceClusters (4.0 Meshes per cluster).
[2019.04.16-01.43.13:713][180]LogUObjectHash: Compacting FUObjectHashTables data took   1.77ms
[2019.04.16-01.43.13:724][180]LogStaticLightingSystem: Illumination: 12.0 sec (101 ms encoding lightmaps, 27 ms encoding shadowmaps)
[2019.04.16-01.43.13:725][180]LogStaticLightingSystem: Lightmap texture memory:  0.7 MB (0.7 MB streaming, 0.0 MB non-streaming), 4 textures
[2019.04.16-01.43.13:725][180]LogStaticLightingSystem: Shadowmap texture memory: 0.2 MB (0.2 MB streaming, 0.0 MB non-streaming), 2 textures
[2019.04.16-01.43.13:872][180]DumpUnbuiltLightIteractions
[2019.04.16-01.43.13:872][180]Lights with unbuilt interactions: 0
[2019.04.16-01.43.13:872][180]
[2019.04.16-01.43.13:872][180]Primitives with unbuilt interactions: 0
[2019.04.16-01.43.13:974][181]Cmd: MAP CHECK NOTIFYRESULTS
[2019.04.16-01.43.13:974][181]MapCheck: New page: Minimal_Default - Apr 15, 2019, 5:43:13 PM
[2019.04.16-01.43.13:974][181]MapCheck: Map check complete: 0 Error(s), 0 Warning(s), took 0.307ms to complete.
[2019.04.16-01.43.15:985][413]LogSlate: Window 'Message Log' being destroyed
[2019.04.16-01.43.15:986][413]LogSlate: Window 'Message Log' being destroyed
